0 info it worked if it ends with ok
1 verbose cli [ 'C:\\Program Files\\nodejs\\node.exe',
1 verbose cli   'C:\\Program Files\\nodejs\\node_modules\\npm\\bin\\npm-cli.js',
1 verbose cli   'install',
1 verbose cli   '--save-dev' ]
2 info using npm@2.14.7
3 info using node@v4.2.1
4 verbose readDependencies loading dependencies from C:\Users\Nadine\Documents\Robusta Projects\works-of-art-html\package.json
5 warn package.json simple-html@ No repository field.
6 warn package.json simple-html@ No license field.
7 verbose install where, deps [ 'C:\\Users\\Nadine\\Documents\\Robusta Projects\\works-of-art-html',
7 verbose install   [ 'imagemin',
7 verbose install     'apache-server-configs',
7 verbose install     'bower',
7 verbose install     'grunt',
7 verbose install     'grunt-autoprefixer',
7 verbose install     'grunt-concurrent',
7 verbose install     'grunt-contrib-clean',
7 verbose install     'grunt-contrib-concat',
7 verbose install     'grunt-contrib-connect',
7 verbose install     'grunt-contrib-copy',
7 verbose install     'grunt-contrib-cssmin',
7 verbose install     'grunt-contrib-htmlmin',
7 verbose install     'grunt-contrib-imagemin',
7 verbose install     'grunt-contrib-jade',
7 verbose install     'grunt-contrib-jshint',
7 verbose install     'grunt-contrib-uglify',
7 verbose install     'grunt-contrib-watch',
7 verbose install     'grunt-jade-usemin',
7 verbose install     'grunt-mocha',
7 verbose install     'grunt-modernizr',
7 verbose install     'grunt-newer',
7 verbose install     'grunt-rev',
7 verbose install     'grunt-sass',
7 verbose install     'grunt-svgmin',
7 verbose install     'grunt-svgstore',
7 verbose install     'grunt-usemin',
7 verbose install     'grunt-wiredep',
7 verbose install     'jshint-stylish',
7 verbose install     'load-grunt-tasks',
7 verbose install     'time-grunt' ] ]
8 verbose install where, peers [ 'C:\\Users\\Nadine\\Documents\\Robusta Projects\\works-of-art-html',
8 verbose install   [] ]
9 verbose installManyTop reading for lifecycle C:\Users\Nadine\Documents\Robusta Projects\works-of-art-html\package.json
10 info preinstall simple-html@
11 verbose installManyTop reading scoped package data from C:\Users\Nadine\Documents\Robusta Projects\works-of-art-html\node_modules\apache-server-configs\package.json
12 verbose installManyTop reading scoped package data from C:\Users\Nadine\Documents\Robusta Projects\works-of-art-html\node_modules\bower\package.json
13 verbose installManyTop reading scoped package data from C:\Users\Nadine\Documents\Robusta Projects\works-of-art-html\node_modules\grunt\package.json
14 verbose installManyTop reading scoped package data from C:\Users\Nadine\Documents\Robusta Projects\works-of-art-html\node_modules\grunt-autoprefixer\package.json
15 verbose installManyTop reading scoped package data from C:\Users\Nadine\Documents\Robusta Projects\works-of-art-html\node_modules\grunt-concurrent\package.json
16 verbose installManyTop reading scoped package data from C:\Users\Nadine\Documents\Robusta Projects\works-of-art-html\node_modules\grunt-contrib-clean\package.json
17 verbose installManyTop reading scoped package data from C:\Users\Nadine\Documents\Robusta Projects\works-of-art-html\node_modules\grunt-contrib-concat\package.json
18 verbose installManyTop reading scoped package data from C:\Users\Nadine\Documents\Robusta Projects\works-of-art-html\node_modules\grunt-contrib-connect\package.json
19 verbose installManyTop reading scoped package data from C:\Users\Nadine\Documents\Robusta Projects\works-of-art-html\node_modules\grunt-contrib-copy\package.json
20 verbose installManyTop reading scoped package data from C:\Users\Nadine\Documents\Robusta Projects\works-of-art-html\node_modules\grunt-contrib-cssmin\package.json
21 verbose installManyTop reading scoped package data from C:\Users\Nadine\Documents\Robusta Projects\works-of-art-html\node_modules\grunt-contrib-htmlmin\package.json
22 verbose installManyTop reading scoped package data from C:\Users\Nadine\Documents\Robusta Projects\works-of-art-html\node_modules\grunt-contrib-imagemin\package.json
23 verbose installManyTop reading scoped package data from C:\Users\Nadine\Documents\Robusta Projects\works-of-art-html\node_modules\grunt-contrib-jade\package.json
24 verbose installManyTop reading scoped package data from C:\Users\Nadine\Documents\Robusta Projects\works-of-art-html\node_modules\grunt-contrib-jshint\package.json
25 verbose installManyTop reading scoped package data from C:\Users\Nadine\Documents\Robusta Projects\works-of-art-html\node_modules\grunt-contrib-uglify\package.json
26 verbose installManyTop reading scoped package data from C:\Users\Nadine\Documents\Robusta Projects\works-of-art-html\node_modules\grunt-contrib-watch\package.json
27 verbose installManyTop reading scoped package data from C:\Users\Nadine\Documents\Robusta Projects\works-of-art-html\node_modules\grunt-jade-usemin\package.json
28 verbose installManyTop reading scoped package data from C:\Users\Nadine\Documents\Robusta Projects\works-of-art-html\node_modules\grunt-mocha\package.json
29 verbose installManyTop reading scoped package data from C:\Users\Nadine\Documents\Robusta Projects\works-of-art-html\node_modules\grunt-modernizr\package.json
30 verbose installManyTop reading scoped package data from C:\Users\Nadine\Documents\Robusta Projects\works-of-art-html\node_modules\grunt-newer\package.json
31 verbose installManyTop reading scoped package data from C:\Users\Nadine\Documents\Robusta Projects\works-of-art-html\node_modules\grunt-rev\package.json
32 verbose installManyTop reading scoped package data from C:\Users\Nadine\Documents\Robusta Projects\works-of-art-html\node_modules\grunt-sass\package.json
33 verbose installManyTop reading scoped package data from C:\Users\Nadine\Documents\Robusta Projects\works-of-art-html\node_modules\grunt-svgmin\package.json
34 verbose installManyTop reading scoped package data from C:\Users\Nadine\Documents\Robusta Projects\works-of-art-html\node_modules\grunt-svgstore\package.json
35 verbose installManyTop reading scoped package data from C:\Users\Nadine\Documents\Robusta Projects\works-of-art-html\node_modules\grunt-usemin\package.json
36 verbose installManyTop reading scoped package data from C:\Users\Nadine\Documents\Robusta Projects\works-of-art-html\node_modules\grunt-wiredep\package.json
37 verbose installManyTop reading scoped package data from C:\Users\Nadine\Documents\Robusta Projects\works-of-art-html\node_modules\imagemin\package.json
38 verbose installManyTop reading scoped package data from C:\Users\Nadine\Documents\Robusta Projects\works-of-art-html\node_modules\imagemin-gifsicle\package.json
39 verbose installManyTop reading scoped package data from C:\Users\Nadine\Documents\Robusta Projects\works-of-art-html\node_modules\imagemin-jpegtran\package.json
40 verbose installManyTop reading scoped package data from C:\Users\Nadine\Documents\Robusta Projects\works-of-art-html\node_modules\imagemin-optipng\package.json
41 verbose installManyTop reading scoped package data from C:\Users\Nadine\Documents\Robusta Projects\works-of-art-html\node_modules\imagemin-pngquant\package.json
42 verbose installManyTop reading scoped package data from C:\Users\Nadine\Documents\Robusta Projects\works-of-art-html\node_modules\jshint-stylish\package.json
43 verbose installManyTop reading scoped package data from C:\Users\Nadine\Documents\Robusta Projects\works-of-art-html\node_modules\load-grunt-tasks\package.json
44 verbose installManyTop reading scoped package data from C:\Users\Nadine\Documents\Robusta Projects\works-of-art-html\node_modules\time-grunt\package.json
45 info package.json apache-server-configs@2.14.0 license should be a valid SPDX license expression
46 info package.json grunt@0.4.5 No license field.
47 info package.json grunt-contrib-connect@0.8.0 No license field.
48 info package.json grunt-contrib-cssmin@0.10.0 No license field.
49 info package.json grunt-contrib-imagemin@0.8.1 No license field.
50 info package.json grunt-contrib-jade@0.14.1 No license field.
51 info package.json grunt-contrib-copy@0.5.0 No license field.
52 info package.json grunt-contrib-concat@0.5.1 No license field.
53 info package.json grunt-concurrent@0.5.0 No license field.
54 info package.json grunt-contrib-uglify@0.5.1 No license field.
55 info package.json grunt-contrib-clean@0.6.0 No license field.
56 info package.json grunt-contrib-htmlmin@0.3.0 No license field.
57 info package.json grunt-contrib-jshint@0.10.0 No license field.
58 info package.json grunt-mocha@0.4.13 No license field.
59 info package.json grunt-contrib-watch@0.6.1 No license field.
60 info package.json grunt-rev@0.1.0 No license field.
61 info package.json grunt-modernizr@0.5.2 No license field.
62 info package.json grunt-svgmin@0.4.0 No license field.
63 info package.json grunt-svgstore@0.5.0 No license field.
64 info package.json grunt-newer@0.7.0 No license field.
65 info package.json grunt-wiredep@2.0.0 No license field.
66 verbose readDependencies loading dependencies from C:\Users\Nadine\Documents\Robusta Projects\works-of-art-html\package.json
67 verbose targetResolver reading package data from C:\Users\Nadine\Documents\Robusta Projects\works-of-art-html\node_modules\apache-server-configs\package.json
68 verbose targetResolver reading package data from C:\Users\Nadine\Documents\Robusta Projects\works-of-art-html\node_modules\bower\package.json
69 verbose targetResolver reading package data from C:\Users\Nadine\Documents\Robusta Projects\works-of-art-html\node_modules\grunt\package.json
70 verbose targetResolver reading package data from C:\Users\Nadine\Documents\Robusta Projects\works-of-art-html\node_modules\grunt-autoprefixer\package.json
71 verbose targetResolver reading package data from C:\Users\Nadine\Documents\Robusta Projects\works-of-art-html\node_modules\grunt-concurrent\package.json
72 verbose targetResolver reading package data from C:\Users\Nadine\Documents\Robusta Projects\works-of-art-html\node_modules\grunt-contrib-clean\package.json
73 verbose targetResolver reading package data from C:\Users\Nadine\Documents\Robusta Projects\works-of-art-html\node_modules\grunt-contrib-concat\package.json
74 verbose targetResolver reading package data from C:\Users\Nadine\Documents\Robusta Projects\works-of-art-html\node_modules\grunt-contrib-connect\package.json
75 verbose targetResolver reading package data from C:\Users\Nadine\Documents\Robusta Projects\works-of-art-html\node_modules\grunt-contrib-copy\package.json
76 verbose targetResolver reading package data from C:\Users\Nadine\Documents\Robusta Projects\works-of-art-html\node_modules\grunt-contrib-cssmin\package.json
77 verbose targetResolver reading package data from C:\Users\Nadine\Documents\Robusta Projects\works-of-art-html\node_modules\grunt-contrib-htmlmin\package.json
78 verbose targetResolver reading package data from C:\Users\Nadine\Documents\Robusta Projects\works-of-art-html\node_modules\grunt-contrib-imagemin\package.json
79 verbose targetResolver reading package data from C:\Users\Nadine\Documents\Robusta Projects\works-of-art-html\node_modules\grunt-contrib-jade\package.json
80 verbose targetResolver reading package data from C:\Users\Nadine\Documents\Robusta Projects\works-of-art-html\node_modules\grunt-contrib-jshint\package.json
81 verbose targetResolver reading package data from C:\Users\Nadine\Documents\Robusta Projects\works-of-art-html\node_modules\grunt-contrib-uglify\package.json
82 verbose targetResolver reading package data from C:\Users\Nadine\Documents\Robusta Projects\works-of-art-html\node_modules\grunt-contrib-watch\package.json
83 verbose targetResolver reading package data from C:\Users\Nadine\Documents\Robusta Projects\works-of-art-html\node_modules\grunt-jade-usemin\package.json
84 verbose targetResolver reading package data from C:\Users\Nadine\Documents\Robusta Projects\works-of-art-html\node_modules\grunt-mocha\package.json
85 verbose targetResolver reading package data from C:\Users\Nadine\Documents\Robusta Projects\works-of-art-html\node_modules\grunt-modernizr\package.json
86 verbose targetResolver reading package data from C:\Users\Nadine\Documents\Robusta Projects\works-of-art-html\node_modules\grunt-newer\package.json
87 verbose targetResolver reading package data from C:\Users\Nadine\Documents\Robusta Projects\works-of-art-html\node_modules\grunt-rev\package.json
88 verbose targetResolver reading package data from C:\Users\Nadine\Documents\Robusta Projects\works-of-art-html\node_modules\grunt-sass\package.json
89 verbose targetResolver reading package data from C:\Users\Nadine\Documents\Robusta Projects\works-of-art-html\node_modules\grunt-svgmin\package.json
90 verbose targetResolver reading package data from C:\Users\Nadine\Documents\Robusta Projects\works-of-art-html\node_modules\grunt-svgstore\package.json
91 verbose targetResolver reading package data from C:\Users\Nadine\Documents\Robusta Projects\works-of-art-html\node_modules\grunt-usemin\package.json
92 verbose targetResolver reading package data from C:\Users\Nadine\Documents\Robusta Projects\works-of-art-html\node_modules\grunt-wiredep\package.json
93 verbose targetResolver reading package data from C:\Users\Nadine\Documents\Robusta Projects\works-of-art-html\node_modules\imagemin\package.json
94 verbose targetResolver reading package data from C:\Users\Nadine\Documents\Robusta Projects\works-of-art-html\node_modules\imagemin-gifsicle\package.json
95 verbose targetResolver reading package data from C:\Users\Nadine\Documents\Robusta Projects\works-of-art-html\node_modules\imagemin-jpegtran\package.json
96 verbose targetResolver reading package data from C:\Users\Nadine\Documents\Robusta Projects\works-of-art-html\node_modules\imagemin-optipng\package.json
97 verbose targetResolver reading package data from C:\Users\Nadine\Documents\Robusta Projects\works-of-art-html\node_modules\imagemin-pngquant\package.json
98 verbose targetResolver reading package data from C:\Users\Nadine\Documents\Robusta Projects\works-of-art-html\node_modules\jshint-stylish\package.json
99 verbose targetResolver reading package data from C:\Users\Nadine\Documents\Robusta Projects\works-of-art-html\node_modules\load-grunt-tasks\package.json
100 verbose targetResolver reading package data from C:\Users\Nadine\Documents\Robusta Projects\works-of-art-html\node_modules\time-grunt\package.json
101 verbose targetResolver reading package data from C:\Users\Nadine\Documents\Robusta Projects\works-of-art-html\node_modules\.bin\bower\package.json
102 verbose targetResolver reading package data from C:\Users\Nadine\Documents\Robusta Projects\works-of-art-html\node_modules\.bin\bower.cmd\package.json
103 verbose targetResolver reading package data from C:\Users\Nadine\Documents\Robusta Projects\works-of-art-html\node_modules\.bin\grunt-modernizr\package.json
104 verbose targetResolver reading package data from C:\Users\Nadine\Documents\Robusta Projects\works-of-art-html\node_modules\.bin\grunt-modernizr.cmd\package.json
105 verbose already installed skipping grunt@^0.4.5 C:\Users\Nadine\Documents\Robusta Projects\works-of-art-html
106 verbose already installed skipping grunt-autoprefixer@^1.0.0 C:\Users\Nadine\Documents\Robusta Projects\works-of-art-html
107 verbose already installed skipping grunt-concurrent@^0.5.0 C:\Users\Nadine\Documents\Robusta Projects\works-of-art-html
108 verbose already installed skipping grunt-contrib-clean@^0.6.0 C:\Users\Nadine\Documents\Robusta Projects\works-of-art-html
109 verbose already installed skipping grunt-contrib-concat@^0.5.0 C:\Users\Nadine\Documents\Robusta Projects\works-of-art-html
110 verbose already installed skipping grunt-contrib-connect@^0.8.0 C:\Users\Nadine\Documents\Robusta Projects\works-of-art-html
111 verbose already installed skipping grunt-contrib-copy@^0.5.0 C:\Users\Nadine\Documents\Robusta Projects\works-of-art-html
112 verbose already installed skipping grunt-contrib-cssmin@^0.10.0 C:\Users\Nadine\Documents\Robusta Projects\works-of-art-html
113 verbose already installed skipping grunt-contrib-htmlmin@^0.3.0 C:\Users\Nadine\Documents\Robusta Projects\works-of-art-html
114 verbose already installed skipping grunt-contrib-imagemin@^0.8.0 C:\Users\Nadine\Documents\Robusta Projects\works-of-art-html
115 verbose already installed skipping grunt-contrib-jade@^0.14.1 C:\Users\Nadine\Documents\Robusta Projects\works-of-art-html
116 verbose already installed skipping grunt-contrib-jshint@^0.10.0 C:\Users\Nadine\Documents\Robusta Projects\works-of-art-html
117 verbose already installed skipping grunt-contrib-uglify@^0.5.1 C:\Users\Nadine\Documents\Robusta Projects\works-of-art-html
118 verbose already installed skipping grunt-contrib-watch@^0.6.1 C:\Users\Nadine\Documents\Robusta Projects\works-of-art-html
119 verbose already installed skipping grunt-jade-usemin@^1.0.0 C:\Users\Nadine\Documents\Robusta Projects\works-of-art-html
120 verbose already installed skipping grunt-mocha@^0.4.10 C:\Users\Nadine\Documents\Robusta Projects\works-of-art-html
121 verbose already installed skipping grunt-modernizr@^0.5.2 C:\Users\Nadine\Documents\Robusta Projects\works-of-art-html
122 verbose already installed skipping grunt-newer@^0.7.0 C:\Users\Nadine\Documents\Robusta Projects\works-of-art-html
123 verbose already installed skipping grunt-rev@^0.1.0 C:\Users\Nadine\Documents\Robusta Projects\works-of-art-html
124 silly cache add args [ 'grunt-sass@^0.14.0', null ]
125 verbose cache add spec grunt-sass@^0.14.0
126 silly cache add parsed spec Result {
126 silly cache add   raw: 'grunt-sass@^0.14.0',
126 silly cache add   scope: null,
126 silly cache add   name: 'grunt-sass',
126 silly cache add   rawSpec: '^0.14.0',
126 silly cache add   spec: '>=0.14.0 <0.15.0',
126 silly cache add   type: 'range' }
127 silly addNamed grunt-sass@>=0.14.0 <0.15.0
128 verbose addNamed ">=0.14.0 <0.15.0" is a valid semver range for grunt-sass
129 silly addNameRange { name: 'grunt-sass', range: '>=0.14.0 <0.15.0', hasData: false }
130 silly mapToRegistry name grunt-sass
131 silly mapToRegistry using default registry
132 silly mapToRegistry registry https://registry.npmjs.org/
133 silly mapToRegistry uri https://registry.npmjs.org/grunt-sass
134 verbose addNameRange registry:https://registry.npmjs.org/grunt-sass not in flight; fetching
135 verbose already installed skipping grunt-svgmin@^0.4.0 C:\Users\Nadine\Documents\Robusta Projects\works-of-art-html
136 verbose already installed skipping grunt-svgstore@^0.5.0 C:\Users\Nadine\Documents\Robusta Projects\works-of-art-html
137 verbose already installed skipping grunt-usemin@^2.3.0 C:\Users\Nadine\Documents\Robusta Projects\works-of-art-html
138 verbose already installed skipping grunt-wiredep@^2.0.0 C:\Users\Nadine\Documents\Robusta Projects\works-of-art-html
139 verbose already installed skipping jshint-stylish@^0.4.0 C:\Users\Nadine\Documents\Robusta Projects\works-of-art-html
140 verbose already installed skipping load-grunt-tasks@^0.4.0 C:\Users\Nadine\Documents\Robusta Projects\works-of-art-html
141 verbose already installed skipping time-grunt@^0.4.0 C:\Users\Nadine\Documents\Robusta Projects\works-of-art-html
142 verbose already installed skipping imagemin@^4.0.0 C:\Users\Nadine\Documents\Robusta Projects\works-of-art-html
143 verbose already installed skipping apache-server-configs@^2.7.1 C:\Users\Nadine\Documents\Robusta Projects\works-of-art-html
144 verbose already installed skipping bower@^1.6.5 C:\Users\Nadine\Documents\Robusta Projects\works-of-art-html
145 verbose request uri https://registry.npmjs.org/grunt-sass
146 verbose request no auth needed
147 info attempt registry request try #1 at 7:53:44 PM
148 verbose request id 4bb42aba0b984d26
149 verbose etag "6XLS8Q88H2YE3Z6L1Q04HQSU6"
150 http request GET https://registry.npmjs.org/grunt-sass
151 info retry will retry, error on last attempt: Error: getaddrinfo ENOTFOUND registry.npmjs.org registry.npmjs.org:443
152 info attempt registry request try #2 at 7:53:54 PM
153 verbose etag "6XLS8Q88H2YE3Z6L1Q04HQSU6"
154 http request GET https://registry.npmjs.org/grunt-sass
155 info retry will retry, error on last attempt: Error: getaddrinfo ENOTFOUND registry.npmjs.org registry.npmjs.org:443
156 info attempt registry request try #3 at 7:54:54 PM
157 verbose etag "6XLS8Q88H2YE3Z6L1Q04HQSU6"
158 http request GET https://registry.npmjs.org/grunt-sass
159 silly get cb [ 304, undefined ]
160 verbose etag https://registry.npmjs.org/grunt-sass from cache
161 verbose get saving grunt-sass to C:\Users\Nadine\AppData\Roaming\npm-cache\registry.npmjs.org\grunt-sass\.cache.json
162 silly addNameRange number 2 { name: 'grunt-sass', range: '>=0.14.0 <0.15.0', hasData: true }
163 silly addNameRange versions [ 'grunt-sass',
163 silly addNameRange   [ '0.1.0',
163 silly addNameRange     '0.2.1',
163 silly addNameRange     '0.2.2',
163 silly addNameRange     '0.2.3',
163 silly addNameRange     '0.2.4',
163 silly addNameRange     '0.2.5',
163 silly addNameRange     '0.3.0',
163 silly addNameRange     '0.4.0',
163 silly addNameRange     '0.4.1',
163 silly addNameRange     '0.5.0',
163 silly addNameRange     '0.6.0',
163 silly addNameRange     '0.6.1',
163 silly addNameRange     '0.7.0',
163 silly addNameRange     '0.8.0',
163 silly addNameRange     '0.8.1',
163 silly addNameRange     '0.9.0',
163 silly addNameRange     '0.10.0',
163 silly addNameRange     '0.11.0',
163 silly addNameRange     '0.12.0',
163 silly addNameRange     '0.12.1',
163 silly addNameRange     '0.13.0',
163 silly addNameRange     '0.13.1',
163 silly addNameRange     '0.14.0',
163 silly addNameRange     '0.14.1',
163 silly addNameRange     '0.14.2',
163 silly addNameRange     '0.15.0',
163 silly addNameRange     '0.16.0',
163 silly addNameRange     '0.16.1',
163 silly addNameRange     '0.17.0',
163 silly addNameRange     '0.18.0',
163 silly addNameRange     '0.18.1',
163 silly addNameRange     '1.0.0',
163 silly addNameRange     '1.1.0-beta',
163 silly addNameRange     '1.1.0' ] ]
164 silly addNamed grunt-sass@0.14.2
165 verbose addNamed "0.14.2" is a plain semver version for grunt-sass
166 silly cache afterAdd grunt-sass@0.14.2
167 verbose afterAdd C:\Users\Nadine\AppData\Roaming\npm-cache\grunt-sass\0.14.2\package\package.json not in flight; writing
168 verbose afterAdd C:\Users\Nadine\AppData\Roaming\npm-cache\grunt-sass\0.14.2\package\package.json written
169 silly install resolved [ { name: 'grunt-sass',
169 silly install resolved     version: '0.14.2',
169 silly install resolved     description: 'Compile Sass to CSS using node-sass',
169 silly install resolved     license: 'MIT',
169 silly install resolved     repository:
169 silly install resolved      { type: 'git',
169 silly install resolved        url: 'git+https://github.com/sindresorhus/grunt-sass.git' },
169 silly install resolved     author:
169 silly install resolved      { name: 'Sindre Sorhus',
169 silly install resolved        email: 'sindresorhus@gmail.com',
169 silly install resolved        url: 'http://sindresorhus.com' },
169 silly install resolved     engines: { node: '>=0.10.0' },
169 silly install resolved     scripts: { test: 'grunt' },
169 silly install resolved     files: [ 'tasks' ],
169 silly install resolved     keywords:
169 silly install resolved      [ 'gruntplugin',
169 silly install resolved        'css',
169 silly install resolved        'sass',
169 silly install resolved        'scss',
169 silly install resolved        'style',
169 silly install resolved        'compile',
169 silly install resolved        'preprocess',
169 silly install resolved        'compile',
169 silly install resolved        'libsass' ],
169 silly install resolved     dependencies:
169 silly install resolved      { chalk: '^0.5.1',
169 silly install resolved        'each-async': '^1.0.0',
169 silly install resolved        'node-sass': '0.9.3',
169 silly install resolved        'object-assign': '^1.0.0' },
169 silly install resolved     devDependencies:
169 silly install resolved      { grunt: '^0.4.5',
169 silly install resolved        'grunt-contrib-clean': '^0.6.0',
169 silly install resolved        'grunt-contrib-nodeunit': '^0.4.1' },
169 silly install resolved     gitHead: '10fdfce2eadbc8dd14cc07cf0ae4a6bb76249cf2',
169 silly install resolved     bugs: { url: 'https://github.com/sindresorhus/grunt-sass/issues' },
169 silly install resolved     homepage: 'https://github.com/sindresorhus/grunt-sass',
169 silly install resolved     _id: 'grunt-sass@0.14.2',
169 silly install resolved     _shasum: '45d4d37959afad37d465318f01719be01992b1f8',
169 silly install resolved     _from: 'grunt-sass@>=0.14.0 <0.15.0',
169 silly install resolved     _npmVersion: '2.0.0',
169 silly install resolved     _npmUser: { name: 'sindresorhus', email: 'sindresorhus@gmail.com' },
169 silly install resolved     maintainers: [ [Object] ],
169 silly install resolved     dist:
169 silly install resolved      { shasum: '45d4d37959afad37d465318f01719be01992b1f8',
169 silly install resolved        tarball: 'http://registry.npmjs.org/grunt-sass/-/grunt-sass-0.14.2.tgz' },
169 silly install resolved     directories: {},
169 silly install resolved     _resolved: 'https://registry.npmjs.org/grunt-sass/-/grunt-sass-0.14.2.tgz',
169 silly install resolved     readme: 'ERROR: No README data found!' } ]
170 info install grunt-sass@0.14.2 into C:\Users\Nadine\Documents\Robusta Projects\works-of-art-html
171 info installOne grunt-sass@0.14.2
172 verbose installOne of grunt-sass to C:\Users\Nadine\Documents\Robusta Projects\works-of-art-html not in flight; installing
173 verbose lock using C:\Users\Nadine\AppData\Roaming\npm-cache\_locks\grunt-sass-7738ce7146fcf8ae.lock for C:\Users\Nadine\Documents\Robusta Projects\works-of-art-html\node_modules\grunt-sass
174 silly install write writing grunt-sass 0.14.2 to C:\Users\Nadine\Documents\Robusta Projects\works-of-art-html\node_modules\grunt-sass
175 verbose unbuild node_modules\grunt-sass
176 info preuninstall grunt-sass@1.1.0
177 info uninstall grunt-sass@1.1.0
178 verbose unbuild rmStuff grunt-sass@1.1.0 from C:\Users\Nadine\Documents\Robusta Projects\works-of-art-html\node_modules
179 info postuninstall grunt-sass@1.1.0
180 silly gentlyRm C:\Users\Nadine\Documents\Robusta Projects\works-of-art-html\node_modules\grunt-sass is being purged from base C:\Users\Nadine\Documents\Robusta Projects\works-of-art-html
181 verbose gentlyRm don't care about contents; nuking C:\Users\Nadine\Documents\Robusta Projects\works-of-art-html\node_modules\grunt-sass
182 silly vacuum-fs purging C:\Users\Nadine\Documents\Robusta Projects\works-of-art-html\node_modules\grunt-sass
183 verbose unlock done using C:\Users\Nadine\AppData\Roaming\npm-cache\_locks\grunt-sass-7738ce7146fcf8ae.lock for C:\Users\Nadine\Documents\Robusta Projects\works-of-art-html\node_modules\grunt-sass
184 verbose stack Error: EPERM: operation not permitted, unlink 'C:\Users\Nadine\Documents\Robusta Projects\works-of-art-html\node_modules\grunt-sass\node_modules\node-sass\vendor\win32-x64-46\binding.node'
184 verbose stack     at Error (native)
185 verbose cwd C:\Users\Nadine\Documents\Robusta Projects\works-of-art-html
186 error Windows_NT 10.0.10240
187 error argv "C:\\Program Files\\nodejs\\node.exe" "C:\\Program Files\\nodejs\\node_modules\\npm\\bin\\npm-cli.js" "install" "--save-dev"
188 error node v4.2.1
189 error npm  v2.14.7
190 error path C:\Users\Nadine\Documents\Robusta Projects\works-of-art-html\node_modules\grunt-sass\node_modules\node-sass\vendor\win32-x64-46\binding.node
191 error code EPERM
192 error errno -4048
193 error syscall unlink
194 error Error: EPERM: operation not permitted, unlink 'C:\Users\Nadine\Documents\Robusta Projects\works-of-art-html\node_modules\grunt-sass\node_modules\node-sass\vendor\win32-x64-46\binding.node'
194 error     at Error (native)
194 error  { [Error: EPERM: operation not permitted, unlink 'C:\Users\Nadine\Documents\Robusta Projects\works-of-art-html\node_modules\grunt-sass\node_modules\node-sass\vendor\win32-x64-46\binding.node']
194 error   errno: -4048,
194 error   code: 'EPERM',
194 error   syscall: 'unlink',
194 error   path: 'C:\\Users\\Nadine\\Documents\\Robusta Projects\\works-of-art-html\\node_modules\\grunt-sass\\node_modules\\node-sass\\vendor\\win32-x64-46\\binding.node' }
195 error Please try running this command again as root/Administrator.
196 verbose exit [ -4048, true ]
197 verbose unbuild node_modules\grunt-sass
198 silly gentlyRm C:\Users\Nadine\Documents\Robusta Projects\works-of-art-html\node_modules\grunt-sass is being purged from base C:\Users\Nadine\Documents\Robusta Projects\works-of-art-html
199 verbose gentlyRm don't care about contents; nuking C:\Users\Nadine\Documents\Robusta Projects\works-of-art-html\node_modules\grunt-sass
200 silly vacuum-fs purging C:\Users\Nadine\Documents\Robusta Projects\works-of-art-html\node_modules\grunt-sass
201 error error rolling back Error: EPERM: operation not permitted, unlink 'C:\Users\Nadine\Documents\Robusta Projects\works-of-art-html\node_modules\grunt-sass\node_modules\node-sass\vendor\win32-x64-46\binding.node'
201 error error rolling back     at Error (native)
201 error error rolling back  { [Error: EPERM: operation not permitted, unlink 'C:\Users\Nadine\Documents\Robusta Projects\works-of-art-html\node_modules\grunt-sass\node_modules\node-sass\vendor\win32-x64-46\binding.node']
201 error error rolling back   errno: -4048,
201 error error rolling back   code: 'EPERM',
201 error error rolling back   syscall: 'unlink',
201 error error rolling back   path: 'C:\\Users\\Nadine\\Documents\\Robusta Projects\\works-of-art-html\\node_modules\\grunt-sass\\node_modules\\node-sass\\vendor\\win32-x64-46\\binding.node' }
